<?xml version="1.0" encoding="UTF-8"?>
<coverage generated="1619482310194" clover="3.2.0">
  <project timestamp="1619482310194" name="All files">
    <metrics statements="74" coveredstatements="74" conditionals="22" coveredconditionals="22" methods="29" coveredmethods="26" elements="125" coveredelements="122" complexity="0" loc="74" ncloc="74" packages="4" files="16" classes="16"/>
    <package name="sagas">
      <metrics statements="1" coveredstatements="1" conditionals="0" coveredconditionals="0" methods="1" coveredmethods="1"/>
      <file name="index.js" path="/Users/nahuel.bordon/Desktop/Bordon Nahuel ELC challenge/app/sagas/index.js">
        <metrics statements="0" coveredstatements="0" conditionals="0" coveredconditionals="0" methods="0" coveredmethods="0"/>
      </file>
      <file name="sagas.js" path="/Users/nahuel.bordon/Desktop/Bordon Nahuel ELC challenge/app/sagas/sagas.js">
        <metrics statements="1" coveredstatements="1" conditionals="0" coveredconditionals="0" methods="1" coveredmethods="1"/>
        <line num="6" count="5" type="stmt"/>
      </file>
    </package>
    <package name="scripts">
      <metrics statements="32" coveredstatements="32" conditionals="14" coveredconditionals="14" methods="12" coveredmethods="9"/>
      <file name="actionTypes.js" path="/Users/nahuel.bordon/Desktop/Bordon Nahuel ELC challenge/app/scripts/actionTypes.js">
        <metrics statements="5" coveredstatements="5" conditionals="0" coveredconditionals="0" methods="0" coveredmethods="0"/>
        <line num="1" count="4" type="stmt"/>
        <line num="3" count="4" type="stmt"/>
        <line num="5" count="4" type="stmt"/>
        <line num="7" count="4" type="stmt"/>
        <line num="9" count="4" type="stmt"/>
      </file>
      <file name="actions.js" path="/Users/nahuel.bordon/Desktop/Bordon Nahuel ELC challenge/app/scripts/actions.js">
        <metrics statements="5" coveredstatements="5" conditionals="0" coveredconditionals="0" methods="5" coveredmethods="5"/>
        <line num="9" count="3" type="stmt"/>
        <line num="14" count="3" type="stmt"/>
        <line num="18" count="6" type="stmt"/>
        <line num="22" count="3" type="stmt"/>
        <line num="26" count="4" type="stmt"/>
      </file>
      <file name="constants.js" path="/Users/nahuel.bordon/Desktop/Bordon Nahuel ELC challenge/app/scripts/constants.js">
        <metrics statements="5" coveredstatements="5" conditionals="0" coveredconditionals="0" methods="0" coveredmethods="0"/>
        <line num="1" count="6" type="stmt"/>
        <line num="3" count="6" type="stmt"/>
        <line num="5" count="6" type="stmt"/>
        <line num="7" count="6" type="stmt"/>
        <line num="12" count="6" type="stmt"/>
      </file>
      <file name="reducers.js" path="/Users/nahuel.bordon/Desktop/Bordon Nahuel ELC challenge/app/scripts/reducers.js">
        <metrics statements="11" coveredstatements="11" conditionals="14" coveredconditionals="14" methods="2" coveredmethods="2"/>
        <line num="12" count="4" type="stmt"/>
        <line num="16" count="26" type="cond" truecount="4" falsecount="0"/>
        <line num="18" count="1" type="stmt"/>
        <line num="24" count="1" type="stmt"/>
        <line num="30" count="1" type="stmt"/>
        <line num="36" count="23" type="stmt"/>
        <line num="40" count="4" type="stmt"/>
        <line num="44" count="26" type="cond" truecount="2" falsecount="0"/>
        <line num="46" count="1" type="stmt"/>
        <line num="52" count="25" type="stmt"/>
        <line num="57" count="4" type="stmt"/>
      </file>
      <file name="selectors.js" path="/Users/nahuel.bordon/Desktop/Bordon Nahuel ELC challenge/app/scripts/selectors.js">
        <metrics statements="3" coveredstatements="3" conditionals="0" coveredconditionals="0" methods="3" coveredmethods="0"/>
        <line num="1" count="3" type="stmt"/>
        <line num="3" count="3" type="stmt"/>
        <line num="5" count="3" type="stmt"/>
      </file>
      <file name="useAction.js" path="/Users/nahuel.bordon/Desktop/Bordon Nahuel ELC challenge/app/scripts/useAction.js">
        <metrics statements="3" coveredstatements="3" conditionals="0" coveredconditionals="0" methods="2" coveredmethods="2"/>
        <line num="5" count="1" type="stmt"/>
        <line num="6" count="16" type="stmt"/>
        <line num="8" count="16" type="stmt"/>
      </file>
    </package>
    <package name="scripts.components.MenuBar">
      <metrics statements="34" coveredstatements="34" conditionals="6" coveredconditionals="6" methods="15" coveredmethods="15"/>
      <file name="MenuBar.js" path="/Users/nahuel.bordon/Desktop/Bordon Nahuel ELC challenge/app/scripts/components/MenuBar/MenuBar.js">
        <metrics statements="6" coveredstatements="6" conditionals="2" coveredconditionals="2" methods="4" coveredmethods="4"/>
        <line num="9" count="1" type="stmt"/>
        <line num="10" count="8" type="stmt"/>
        <line num="12" count="8" type="stmt"/>
        <line num="40" count="3" type="stmt"/>
        <line num="49" count="1" type="stmt"/>
        <line num="52" count="1" type="stmt"/>
      </file>
      <file name="hooks.js" path="/Users/nahuel.bordon/Desktop/Bordon Nahuel ELC challenge/app/scripts/components/MenuBar/hooks.js">
        <metrics statements="9" coveredstatements="9" conditionals="0" coveredconditionals="0" methods="3" coveredmethods="3"/>
        <line num="6" count="1" type="stmt"/>
        <line num="7" count="8" type="stmt"/>
        <line num="8" count="8" type="stmt"/>
        <line num="9" count="8" type="stmt"/>
        <line num="11" count="8" type="stmt"/>
        <line num="13" count="8" type="stmt"/>
        <line num="14" count="1" type="stmt"/>
        <line num="15" count="1" type="stmt"/>
        <line num="18" count="8" type="stmt"/>
      </file>
      <file name="normalizers.js" path="/Users/nahuel.bordon/Desktop/Bordon Nahuel ELC challenge/app/scripts/components/MenuBar/normalizers.js">
        <metrics statements="5" coveredstatements="5" conditionals="3" coveredconditionals="3" methods="3" coveredmethods="3"/>
        <line num="4" count="5" type="stmt"/>
        <line num="5" count="66" type="stmt"/>
        <line num="7" count="66" type="cond" truecount="2" falsecount="0"/>
        <line num="10" count="5" type="cond" truecount="1" falsecount="0"/>
        <line num="11" count="11" type="stmt"/>
      </file>
      <file name="sagas.js" path="/Users/nahuel.bordon/Desktop/Bordon Nahuel ELC challenge/app/scripts/components/MenuBar/sagas.js">
        <metrics statements="7" coveredstatements="7" conditionals="0" coveredconditionals="0" methods="2" coveredmethods="2"/>
        <line num="15" count="7" type="stmt"/>
        <line num="17" count="5" type="stmt"/>
        <line num="18" count="4" type="stmt"/>
        <line num="19" count="4" type="stmt"/>
        <line num="20" count="3" type="stmt"/>
        <line num="21" count="2" type="stmt"/>
        <line num="25" count="5" type="stmt"/>
      </file>
      <file name="services.js" path="/Users/nahuel.bordon/Desktop/Bordon Nahuel ELC challenge/app/scripts/components/MenuBar/services.js">
        <metrics statements="7" coveredstatements="7" conditionals="1" coveredconditionals="1" methods="3" coveredmethods="3"/>
        <line num="5" count="4" type="cond" truecount="1" falsecount="0"/>
        <line num="6" count="2" type="stmt"/>
        <line num="7" count="2" type="stmt"/>
        <line num="8" count="1" type="stmt"/>
        <line num="9" count="1" type="stmt"/>
        <line num="11" count="1" type="stmt"/>
        <line num="13" count="1" type="stmt"/>
      </file>
    </package>
    <package name="store">
      <metrics statements="7" coveredstatements="7" conditionals="2" coveredconditionals="2" methods="1" coveredmethods="1"/>
      <file name="index.js" path="/Users/nahuel.bordon/Desktop/Bordon Nahuel ELC challenge/app/store/index.js">
        <metrics statements="0" coveredstatements="0" conditionals="0" coveredconditionals="0" methods="0" coveredmethods="0"/>
      </file>
      <file name="rootReducer.js" path="/Users/nahuel.bordon/Desktop/Bordon Nahuel ELC challenge/app/store/rootReducer.js">
        <metrics statements="1" coveredstatements="1" conditionals="0" coveredconditionals="0" methods="0" coveredmethods="0"/>
        <line num="4" count="3" type="stmt"/>
      </file>
      <file name="store.js" path="/Users/nahuel.bordon/Desktop/Bordon Nahuel ELC challenge/app/store/store.js">
        <metrics statements="6" coveredstatements="6" conditionals="2" coveredconditionals="2" methods="1" coveredmethods="1"/>
        <line num="8" count="3" type="stmt"/>
        <line num="9" count="5" type="stmt"/>
        <line num="10" count="5" type="cond" truecount="2" falsecount="0"/>
        <line num="11" count="5" type="stmt"/>
        <line num="13" count="5" type="stmt"/>
        <line num="15" count="5" type="stmt"/>
      </file>
    </package>
  </project>
</coverage>
