{"/Users/nahuel.bordon/Desktop/Bordon Nahuel ELC challenge/app/sagas/index.js": {"path":"/Users/nahuel.bordon/Desktop/Bordon Nahuel ELC challenge/app/sagas/index.js","statementMap":{},"fnMap":{},"branchMap":{},"s":{},"f":{},"b":{},"_coverageSchema":"1a1c01bbd47fc00a2c39e90264f33305004495a9","hash":"3ba44035e5bc16c49db69560776aed1e2c823533"}
,"/Users/nahuel.bordon/Desktop/Bordon Nahuel ELC challenge/app/sagas/sagas.js": {"path":"/Users/nahuel.bordon/Desktop/Bordon Nahuel ELC challenge/app/sagas/sagas.js","statementMap":{"0":{"start":{"line":6,"column":2},"end":{"line":6,"column":36}}},"fnMap":{"0":{"name":"rootSaga","decl":{"start":{"line":5,"column":10},"end":{"line":5,"column":18}},"loc":{"start":{"line":5,"column":21},"end":{"line":7,"column":1}},"line":5}},"branchMap":{},"s":{"0":5},"f":{"0":5},"b":{},"_coverageSchema":"1a1c01bbd47fc00a2c39e90264f33305004495a9","hash":"235292df73987a7045a19b46ce21719bc10ff31d"}
,"/Users/nahuel.bordon/Desktop/Bordon Nahuel ELC challenge/app/scripts/actionTypes.js": {"path":"/Users/nahuel.bordon/Desktop/Bordon Nahuel ELC challenge/app/scripts/actionTypes.js","statementMap":{"0":{"start":{"line":1,"column":30},"end":{"line":1,"column":46}},"1":{"start":{"line":3,"column":31},"end":{"line":3,"column":48}},"2":{"start":{"line":5,"column":40},"end":{"line":5,"column":66}},"3":{"start":{"line":7,"column":44},"end":{"line":7,"column":74}},"4":{"start":{"line":9,"column":30},"end":{"line":9,"column":46}}},"fnMap":{},"branchMap":{},"s":{"0":4,"1":4,"2":4,"3":4,"4":4},"f":{},"b":{},"_coverageSchema":"1a1c01bbd47fc00a2c39e90264f33305004495a9","hash":"f19e498d59398b5297476e21afd6a2aabfd9e6ac"}
,"/Users/nahuel.bordon/Desktop/Bordon Nahuel ELC challenge/app/scripts/actions.js": {"path":"/Users/nahuel.bordon/Desktop/Bordon Nahuel ELC challenge/app/scripts/actions.js","statementMap":{"0":{"start":{"line":9,"column":28},"end":{"line":12,"column":2}},"1":{"start":{"line":9,"column":44},"end":{"line":12,"column":1}},"2":{"start":{"line":14,"column":30},"end":{"line":16,"column":2}},"3":{"start":{"line":14,"column":37},"end":{"line":16,"column":1}},"4":{"start":{"line":18,"column":37},"end":{"line":20,"column":2}},"5":{"start":{"line":18,"column":44},"end":{"line":20,"column":1}},"6":{"start":{"line":22,"column":40},"end":{"line":24,"column":2}},"7":{"start":{"line":22,"column":47},"end":{"line":24,"column":1}},"8":{"start":{"line":26,"column":29},"end":{"line":29,"column":2}},"9":{"start":{"line":26,"column":45},"end":{"line":29,"column":1}}},"fnMap":{"0":{"name":"(anonymous_0)","decl":{"start":{"line":9,"column":28},"end":{"line":9,"column":29}},"loc":{"start":{"line":9,"column":44},"end":{"line":12,"column":1}},"line":9},"1":{"name":"(anonymous_1)","decl":{"start":{"line":14,"column":30},"end":{"line":14,"column":31}},"loc":{"start":{"line":14,"column":37},"end":{"line":16,"column":1}},"line":14},"2":{"name":"(anonymous_2)","decl":{"start":{"line":18,"column":37},"end":{"line":18,"column":38}},"loc":{"start":{"line":18,"column":44},"end":{"line":20,"column":1}},"line":18},"3":{"name":"(anonymous_3)","decl":{"start":{"line":22,"column":40},"end":{"line":22,"column":41}},"loc":{"start":{"line":22,"column":47},"end":{"line":24,"column":1}},"line":22},"4":{"name":"(anonymous_4)","decl":{"start":{"line":26,"column":29},"end":{"line":26,"column":30}},"loc":{"start":{"line":26,"column":45},"end":{"line":29,"column":1}},"line":26}},"branchMap":{},"s":{"0":3,"1":1,"2":3,"3":1,"4":3,"5":6,"6":3,"7":3,"8":3,"9":4},"f":{"0":1,"1":1,"2":6,"3":3,"4":4},"b":{},"_coverageSchema":"1a1c01bbd47fc00a2c39e90264f33305004495a9","hash":"af3b625ea354d70da1639c96f68b2cc1224ba8a2"}
,"/Users/nahuel.bordon/Desktop/Bordon Nahuel ELC challenge/app/scripts/constants.js": {"path":"/Users/nahuel.bordon/Desktop/Bordon Nahuel ELC challenge/app/scripts/constants.js","statementMap":{"0":{"start":{"line":1,"column":35},"end":{"line":1,"column":46}},"1":{"start":{"line":3,"column":28},"end":{"line":3,"column":77}},"2":{"start":{"line":5,"column":25},"end":{"line":5,"column":29}},"3":{"start":{"line":7,"column":37},"end":{"line":10,"column":1}},"4":{"start":{"line":12,"column":37},"end":{"line":12,"column":59}}},"fnMap":{},"branchMap":{},"s":{"0":6,"1":6,"2":6,"3":6,"4":6},"f":{},"b":{},"_coverageSchema":"1a1c01bbd47fc00a2c39e90264f33305004495a9","hash":"2afcaece925e3cc5be6a74fd6a809adc300d1aba"}
,"/Users/nahuel.bordon/Desktop/Bordon Nahuel ELC challenge/app/scripts/reducers.js": {"path":"/Users/nahuel.bordon/Desktop/Bordon Nahuel ELC challenge/app/scripts/reducers.js","statementMap":{"0":{"start":{"line":12,"column":32},"end":{"line":38,"column":1}},"1":{"start":{"line":16,"column":2},"end":{"line":37,"column":3}},"2":{"start":{"line":18,"column":6},"end":{"line":21,"column":8}},"3":{"start":{"line":24,"column":6},"end":{"line":27,"column":8}},"4":{"start":{"line":30,"column":6},"end":{"line":33,"column":8}},"5":{"start":{"line":36,"column":6},"end":{"line":36,"column":19}},"6":{"start":{"line":40,"column":25},"end":{"line":55,"column":1}},"7":{"start":{"line":44,"column":2},"end":{"line":54,"column":3}},"8":{"start":{"line":46,"column":6},"end":{"line":49,"column":8}},"9":{"start":{"line":52,"column":6},"end":{"line":52,"column":19}},"10":{"start":{"line":57,"column":24},"end":{"line":60,"column":2}}},"fnMap":{"0":{"name":"(anonymous_0)","decl":{"start":{"line":12,"column":32},"end":{"line":12,"column":33}},"loc":{"start":{"line":15,"column":5},"end":{"line":38,"column":1}},"line":15},"1":{"name":"(anonymous_1)","decl":{"start":{"line":40,"column":25},"end":{"line":40,"column":26}},"loc":{"start":{"line":43,"column":5},"end":{"line":55,"column":1}},"line":43}},"branchMap":{"0":{"loc":{"start":{"line":13,"column":2},"end":{"line":13,"column":31}},"type":"default-arg","locations":[{"start":{"line":13,"column":10},"end":{"line":13,"column":31}}],"line":13},"1":{"loc":{"start":{"line":14,"column":2},"end":{"line":14,"column":62}},"type":"default-arg","locations":[{"start":{"line":14,"column":60},"end":{"line":14,"column":62}}],"line":14},"2":{"loc":{"start":{"line":14,"column":4},"end":{"line":14,"column":13}},"type":"default-arg","locations":[{"start":{"line":14,"column":11},"end":{"line":14,"column":13}}],"line":14},"3":{"loc":{"start":{"line":14,"column":15},"end":{"line":14,"column":55}},"type":"default-arg","locations":[{"start":{"line":14,"column":27},"end":{"line":14,"column":55}}],"line":14},"4":{"loc":{"start":{"line":16,"column":2},"end":{"line":37,"column":3}},"type":"switch","locations":[{"start":{"line":17,"column":4},"end":{"line":21,"column":8}},{"start":{"line":23,"column":4},"end":{"line":27,"column":8}},{"start":{"line":29,"column":4},"end":{"line":33,"column":8}},{"start":{"line":35,"column":4},"end":{"line":36,"column":19}}],"line":16},"5":{"loc":{"start":{"line":41,"column":2},"end":{"line":41,"column":31}},"type":"default-arg","locations":[{"start":{"line":41,"column":10},"end":{"line":41,"column":31}}],"line":41},"6":{"loc":{"start":{"line":42,"column":2},"end":{"line":42,"column":55}},"type":"default-arg","locations":[{"start":{"line":42,"column":53},"end":{"line":42,"column":55}}],"line":42},"7":{"loc":{"start":{"line":42,"column":4},"end":{"line":42,"column":13}},"type":"default-arg","locations":[{"start":{"line":42,"column":11},"end":{"line":42,"column":13}}],"line":42},"8":{"loc":{"start":{"line":42,"column":15},"end":{"line":42,"column":48}},"type":"default-arg","locations":[{"start":{"line":42,"column":27},"end":{"line":42,"column":48}}],"line":42},"9":{"loc":{"start":{"line":44,"column":2},"end":{"line":54,"column":3}},"type":"switch","locations":[{"start":{"line":45,"column":4},"end":{"line":49,"column":8}},{"start":{"line":51,"column":4},"end":{"line":53,"column":5}}],"line":44}},"s":{"0":4,"1":26,"2":1,"3":1,"4":1,"5":23,"6":4,"7":26,"8":1,"9":25,"10":4},"f":{"0":26,"1":26},"b":{"0":[24],"1":[2],"2":[2],"3":[25],"4":[1,1,1,23],"5":[24],"6":[2],"7":[2],"8":[25],"9":[1,25]},"_coverageSchema":"1a1c01bbd47fc00a2c39e90264f33305004495a9","hash":"29ba8d8187d106f31a60a6d9fb80f3e3325e1c04"}
,"/Users/nahuel.bordon/Desktop/Bordon Nahuel ELC challenge/app/scripts/selectors.js": {"path":"/Users/nahuel.bordon/Desktop/Bordon Nahuel ELC challenge/app/scripts/selectors.js","statementMap":{"0":{"start":{"line":1,"column":28},"end":{"line":1,"column":73}},"1":{"start":{"line":1,"column":39},"end":{"line":1,"column":73}},"2":{"start":{"line":3,"column":28},"end":{"line":3,"column":68}},"3":{"start":{"line":3,"column":39},"end":{"line":3,"column":68}},"4":{"start":{"line":5,"column":37},"end":{"line":5,"column":77}},"5":{"start":{"line":5,"column":48},"end":{"line":5,"column":77}}},"fnMap":{"0":{"name":"(anonymous_0)","decl":{"start":{"line":1,"column":28},"end":{"line":1,"column":29}},"loc":{"start":{"line":1,"column":39},"end":{"line":1,"column":73}},"line":1},"1":{"name":"(anonymous_1)","decl":{"start":{"line":3,"column":28},"end":{"line":3,"column":29}},"loc":{"start":{"line":3,"column":39},"end":{"line":3,"column":68}},"line":3},"2":{"name":"(anonymous_2)","decl":{"start":{"line":5,"column":37},"end":{"line":5,"column":38}},"loc":{"start":{"line":5,"column":48},"end":{"line":5,"column":77}},"line":5}},"branchMap":{},"s":{"0":3,"1":0,"2":3,"3":0,"4":3,"5":0},"f":{"0":0,"1":0,"2":0},"b":{},"_coverageSchema":"1a1c01bbd47fc00a2c39e90264f33305004495a9","hash":"cf4fd73d0065f066e23ca841b2e38cd4c07b5207"}
,"/Users/nahuel.bordon/Desktop/Bordon Nahuel ELC challenge/app/scripts/useAction.js": {"path":"/Users/nahuel.bordon/Desktop/Bordon Nahuel ELC challenge/app/scripts/useAction.js","statementMap":{"0":{"start":{"line":5,"column":18},"end":{"line":9,"column":1}},"1":{"start":{"line":6,"column":19},"end":{"line":6,"column":32}},"2":{"start":{"line":8,"column":2},"end":{"line":8,"column":71}},"3":{"start":{"line":8,"column":33},"end":{"line":8,"column":57}}},"fnMap":{"0":{"name":"(anonymous_0)","decl":{"start":{"line":5,"column":18},"end":{"line":5,"column":19}},"loc":{"start":{"line":5,"column":30},"end":{"line":9,"column":1}},"line":5},"1":{"name":"(anonymous_1)","decl":{"start":{"line":8,"column":21},"end":{"line":8,"column":22}},"loc":{"start":{"line":8,"column":33},"end":{"line":8,"column":57}},"line":8}},"branchMap":{},"s":{"0":1,"1":16,"2":16,"3":2},"f":{"0":16,"1":2},"b":{},"_coverageSchema":"1a1c01bbd47fc00a2c39e90264f33305004495a9","hash":"076824136b00f7edbc827256b70e2f4cd0704bb0"}
,"/Users/nahuel.bordon/Desktop/Bordon Nahuel ELC challenge/app/scripts/components/MenuBar/MenuBar.js": {"path":"/Users/nahuel.bordon/Desktop/Bordon Nahuel ELC challenge/app/scripts/components/MenuBar/MenuBar.js","statementMap":{"0":{"start":{"line":9,"column":16},"end":{"line":58,"column":1}},"1":{"start":{"line":10,"column":65},"end":{"line":10,"column":77}},"2":{"start":{"line":12,"column":2},"end":{"line":57,"column":4}},"3":{"start":{"line":40,"column":30},"end":{"line":40,"column":51}},"4":{"start":{"line":49,"column":31},"end":{"line":49,"column":69}},"5":{"start":{"line":52,"column":35},"end":{"line":52,"column":57}}},"fnMap":{"0":{"name":"(anonymous_0)","decl":{"start":{"line":9,"column":16},"end":{"line":9,"column":17}},"loc":{"start":{"line":9,"column":22},"end":{"line":58,"column":1}},"line":9},"1":{"name":"(anonymous_1)","decl":{"start":{"line":40,"column":24},"end":{"line":40,"column":25}},"loc":{"start":{"line":40,"column":30},"end":{"line":40,"column":51}},"line":40},"2":{"name":"(anonymous_2)","decl":{"start":{"line":49,"column":20},"end":{"line":49,"column":21}},"loc":{"start":{"line":49,"column":31},"end":{"line":49,"column":69}},"line":49},"3":{"name":"(anonymous_3)","decl":{"start":{"line":52,"column":29},"end":{"line":52,"column":30}},"loc":{"start":{"line":52,"column":35},"end":{"line":52,"column":57}},"line":52}},"branchMap":{"0":{"loc":{"start":{"line":46,"column":23},"end":{"line":46,"column":54}},"type":"cond-expr","locations":[{"start":{"line":46,"column":39},"end":{"line":46,"column":49}},{"start":{"line":46,"column":52},"end":{"line":46,"column":54}}],"line":46}},"s":{"0":1,"1":8,"2":8,"3":3,"4":1,"5":1},"f":{"0":8,"1":3,"2":1,"3":1},"b":{"0":[3,5]},"_coverageSchema":"1a1c01bbd47fc00a2c39e90264f33305004495a9","hash":"40b6609cc32bf3184c8b983141f4913a36851831"}
,"/Users/nahuel.bordon/Desktop/Bordon Nahuel ELC challenge/app/scripts/components/MenuBar/hooks.js": {"path":"/Users/nahuel.bordon/Desktop/Bordon Nahuel ELC challenge/app/scripts/components/MenuBar/hooks.js","statementMap":{"0":{"start":{"line":6,"column":19},"end":{"line":23,"column":1}},"1":{"start":{"line":7,"column":44},"end":{"line":7,"column":59}},"2":{"start":{"line":8,"column":31},"end":{"line":8,"column":54}},"3":{"start":{"line":9,"column":33},"end":{"line":9,"column":58}},"4":{"start":{"line":11,"column":26},"end":{"line":11,"column":68}},"5":{"start":{"line":11,"column":41},"end":{"line":11,"column":68}},"6":{"start":{"line":13,"column":29},"end":{"line":16,"column":3}},"7":{"start":{"line":14,"column":4},"end":{"line":14,"column":32}},"8":{"start":{"line":15,"column":4},"end":{"line":15,"column":29}},"9":{"start":{"line":18,"column":2},"end":{"line":22,"column":4}}},"fnMap":{"0":{"name":"(anonymous_0)","decl":{"start":{"line":6,"column":19},"end":{"line":6,"column":20}},"loc":{"start":{"line":6,"column":25},"end":{"line":23,"column":1}},"line":6},"1":{"name":"(anonymous_1)","decl":{"start":{"line":11,"column":26},"end":{"line":11,"column":27}},"loc":{"start":{"line":11,"column":41},"end":{"line":11,"column":68}},"line":11},"2":{"name":"(anonymous_2)","decl":{"start":{"line":13,"column":29},"end":{"line":13,"column":30}},"loc":{"start":{"line":13,"column":40},"end":{"line":16,"column":3}},"line":13}},"branchMap":{},"s":{"0":1,"1":8,"2":8,"3":8,"4":8,"5":4,"6":8,"7":1,"8":1,"9":8},"f":{"0":8,"1":4,"2":1},"b":{},"_coverageSchema":"1a1c01bbd47fc00a2c39e90264f33305004495a9","hash":"2fdc387e65931d5836ba067c247b1157bac894bb"}
,"/Users/nahuel.bordon/Desktop/Bordon Nahuel ELC challenge/app/scripts/components/MenuBar/normalizers.js": {"path":"/Users/nahuel.bordon/Desktop/Bordon Nahuel ELC challenge/app/scripts/components/MenuBar/normalizers.js","statementMap":{"0":{"start":{"line":4,"column":19},"end":{"line":8,"column":1}},"1":{"start":{"line":5,"column":16},"end":{"line":5,"column":53}},"2":{"start":{"line":7,"column":2},"end":{"line":7,"column":46}},"3":{"start":{"line":10,"column":26},"end":{"line":18,"column":5}},"4":{"start":{"line":11,"column":2},"end":{"line":18,"column":5}},"5":{"start":{"line":11,"column":37},"end":{"line":18,"column":3}}},"fnMap":{"0":{"name":"(anonymous_0)","decl":{"start":{"line":4,"column":19},"end":{"line":4,"column":20}},"loc":{"start":{"line":4,"column":51},"end":{"line":8,"column":1}},"line":4},"1":{"name":"(anonymous_1)","decl":{"start":{"line":10,"column":26},"end":{"line":10,"column":27}},"loc":{"start":{"line":11,"column":2},"end":{"line":18,"column":5}},"line":11},"2":{"name":"(anonymous_2)","decl":{"start":{"line":11,"column":23},"end":{"line":11,"column":24}},"loc":{"start":{"line":11,"column":37},"end":{"line":18,"column":3}},"line":11}},"branchMap":{"0":{"loc":{"start":{"line":7,"column":9},"end":{"line":7,"column":45}},"type":"cond-expr","locations":[{"start":{"line":7,"column":25},"end":{"line":7,"column":37}},{"start":{"line":7,"column":40},"end":{"line":7,"column":45}}],"line":7},"1":{"loc":{"start":{"line":10,"column":29},"end":{"line":10,"column":50}},"type":"default-arg","locations":[{"start":{"line":10,"column":48},"end":{"line":10,"column":50}}],"line":10}},"s":{"0":5,"1":66,"2":66,"3":5,"4":7,"5":11},"f":{"0":66,"1":7,"2":11},"b":{"0":[6,60],"1":[2]},"_coverageSchema":"1a1c01bbd47fc00a2c39e90264f33305004495a9","hash":"7c3362ab764de1374735b648c15691cfeadac5ff"}
,"/Users/nahuel.bordon/Desktop/Bordon Nahuel ELC challenge/app/scripts/components/MenuBar/sagas.js": {"path":"/Users/nahuel.bordon/Desktop/Bordon Nahuel ELC challenge/app/scripts/components/MenuBar/sagas.js","statementMap":{"0":{"start":{"line":15,"column":2},"end":{"line":15,"column":25}},"1":{"start":{"line":17,"column":2},"end":{"line":17,"column":37}},"2":{"start":{"line":18,"column":20},"end":{"line":18,"column":46}},"3":{"start":{"line":19,"column":19},"end":{"line":19,"column":56}},"4":{"start":{"line":20,"column":2},"end":{"line":20,"column":37}},"5":{"start":{"line":21,"column":2},"end":{"line":21,"column":40}},"6":{"start":{"line":25,"column":2},"end":{"line":25,"column":58}}},"fnMap":{"0":{"name":"callFetchCatalogue","decl":{"start":{"line":14,"column":10},"end":{"line":14,"column":28}},"loc":{"start":{"line":14,"column":31},"end":{"line":22,"column":1}},"line":14},"1":{"name":"fetchCatalogueWatcher","decl":{"start":{"line":24,"column":10},"end":{"line":24,"column":31}},"loc":{"start":{"line":24,"column":34},"end":{"line":26,"column":1}},"line":24}},"branchMap":{},"s":{"0":7,"1":5,"2":4,"3":4,"4":3,"5":2,"6":5},"f":{"0":7,"1":5},"b":{},"_coverageSchema":"1a1c01bbd47fc00a2c39e90264f33305004495a9","hash":"d6a12b88a6d322063c5a8403ea63397244eea377"}
,"/Users/nahuel.bordon/Desktop/Bordon Nahuel ELC challenge/app/scripts/components/MenuBar/services.js": {"path":"/Users/nahuel.bordon/Desktop/Bordon Nahuel ELC challenge/app/scripts/components/MenuBar/services.js","statementMap":{"0":{"start":{"line":5,"column":23},"end":{"line":15,"column":1}},"1":{"start":{"line":6,"column":2},"end":{"line":14,"column":3}},"2":{"start":{"line":7,"column":21},"end":{"line":9,"column":46}},"3":{"start":{"line":8,"column":26},"end":{"line":8,"column":41}},"4":{"start":{"line":9,"column":22},"end":{"line":9,"column":45}},"5":{"start":{"line":11,"column":4},"end":{"line":11,"column":20}},"6":{"start":{"line":13,"column":4},"end":{"line":13,"column":33}}},"fnMap":{"0":{"name":"(anonymous_0)","decl":{"start":{"line":5,"column":23},"end":{"line":5,"column":24}},"loc":{"start":{"line":5,"column":43},"end":{"line":15,"column":1}},"line":5},"1":{"name":"(anonymous_1)","decl":{"start":{"line":8,"column":12},"end":{"line":8,"column":13}},"loc":{"start":{"line":8,"column":26},"end":{"line":8,"column":41}},"line":8},"2":{"name":"(anonymous_2)","decl":{"start":{"line":9,"column":12},"end":{"line":9,"column":13}},"loc":{"start":{"line":9,"column":22},"end":{"line":9,"column":45}},"line":9}},"branchMap":{"0":{"loc":{"start":{"line":5,"column":24},"end":{"line":5,"column":38}},"type":"default-arg","locations":[{"start":{"line":5,"column":36},"end":{"line":5,"column":38}}],"line":5}},"s":{"0":4,"1":2,"2":2,"3":1,"4":1,"5":1,"6":1},"f":{"0":2,"1":1,"2":1},"b":{"0":[2]},"_coverageSchema":"1a1c01bbd47fc00a2c39e90264f33305004495a9","hash":"19d538db4ea37f78a9c5b3f9a0b67285733aa902"}
,"/Users/nahuel.bordon/Desktop/Bordon Nahuel ELC challenge/app/store/index.js": {"path":"/Users/nahuel.bordon/Desktop/Bordon Nahuel ELC challenge/app/store/index.js","statementMap":{},"fnMap":{},"branchMap":{},"s":{},"f":{},"b":{},"_coverageSchema":"1a1c01bbd47fc00a2c39e90264f33305004495a9","hash":"ddf1c0ac8627754d688bdb0aa39b0f12e92f1077"}
,"/Users/nahuel.bordon/Desktop/Bordon Nahuel ELC challenge/app/store/rootReducer.js": {"path":"/Users/nahuel.bordon/Desktop/Bordon Nahuel ELC challenge/app/store/rootReducer.js","statementMap":{"0":{"start":{"line":4,"column":20},"end":{"line":6,"column":2}}},"fnMap":{},"branchMap":{},"s":{"0":3},"f":{},"b":{},"_coverageSchema":"1a1c01bbd47fc00a2c39e90264f33305004495a9","hash":"7a08a287c9496646a7577e72262b1548d7ff778e"}
,"/Users/nahuel.bordon/Desktop/Bordon Nahuel ELC challenge/app/store/store.js": {"path":"/Users/nahuel.bordon/Desktop/Bordon Nahuel ELC challenge/app/store/store.js","statementMap":{"0":{"start":{"line":8,"column":20},"end":{"line":16,"column":1}},"1":{"start":{"line":9,"column":25},"end":{"line":9,"column":47}},"2":{"start":{"line":10,"column":27},"end":{"line":10,"column":81}},"3":{"start":{"line":11,"column":16},"end":{"line":11,"column":94}},"4":{"start":{"line":13,"column":2},"end":{"line":13,"column":31}},"5":{"start":{"line":15,"column":2},"end":{"line":15,"column":15}}},"fnMap":{"0":{"name":"(anonymous_0)","decl":{"start":{"line":8,"column":20},"end":{"line":8,"column":21}},"loc":{"start":{"line":8,"column":26},"end":{"line":16,"column":1}},"line":8}},"branchMap":{"0":{"loc":{"start":{"line":10,"column":27},"end":{"line":10,"column":81}},"type":"binary-expr","locations":[{"start":{"line":10,"column":27},"end":{"line":10,"column":70}},{"start":{"line":10,"column":74},"end":{"line":10,"column":81}}],"line":10}},"s":{"0":3,"1":5,"2":5,"3":5,"4":5,"5":5},"f":{"0":5},"b":{"0":[5,5]},"_coverageSchema":"1a1c01bbd47fc00a2c39e90264f33305004495a9","hash":"9d90807d95a921a608fad3ce6a9de9c85803fa3a"}
}
