TN:
SF:app/sagas/index.js
FNF:0
FNH:0
LF:0
LH:0
BRF:0
BRH:0
end_of_record
TN:
SF:app/sagas/sagas.js
FN:5,rootSaga
FNF:1
FNH:1
FNDA:5,rootSaga
DA:6,5
LF:1
LH:1
BRF:0
BRH:0
end_of_record
TN:
SF:app/scripts/actionTypes.js
FNF:0
FNH:0
DA:1,4
DA:3,4
DA:5,4
DA:7,4
DA:9,4
LF:5
LH:5
BRF:0
BRH:0
end_of_record
TN:
SF:app/scripts/actions.js
FN:9,(anonymous_0)
FN:14,(anonymous_1)
FN:18,(anonymous_2)
FN:22,(anonymous_3)
FN:26,(anonymous_4)
FNF:5
FNH:5
FNDA:1,(anonymous_0)
FNDA:1,(anonymous_1)
FNDA:6,(anonymous_2)
FNDA:3,(anonymous_3)
FNDA:4,(anonymous_4)
DA:9,3
DA:14,3
DA:18,6
DA:22,3
DA:26,4
LF:5
LH:5
BRF:0
BRH:0
end_of_record
TN:
SF:app/scripts/constants.js
FNF:0
FNH:0
DA:1,6
DA:3,6
DA:5,6
DA:7,6
DA:12,6
LF:5
LH:5
BRF:0
BRH:0
end_of_record
TN:
SF:app/scripts/reducers.js
FN:12,(anonymous_0)
FN:40,(anonymous_1)
FNF:2
FNH:2
FNDA:26,(anonymous_0)
FNDA:26,(anonymous_1)
DA:12,4
DA:16,26
DA:18,1
DA:24,1
DA:30,1
DA:36,23
DA:40,4
DA:44,26
DA:46,1
DA:52,25
DA:57,4
LF:11
LH:11
BRDA:13,0,0,24
BRDA:14,1,0,2
BRDA:14,2,0,2
BRDA:14,3,0,25
BRDA:16,4,0,1
BRDA:16,4,1,1
BRDA:16,4,2,1
BRDA:16,4,3,23
BRDA:41,5,0,24
BRDA:42,6,0,2
BRDA:42,7,0,2
BRDA:42,8,0,25
BRDA:44,9,0,1
BRDA:44,9,1,25
BRF:14
BRH:14
end_of_record
TN:
SF:app/scripts/selectors.js
FN:1,(anonymous_0)
FN:3,(anonymous_1)
FN:5,(anonymous_2)
FNF:3
FNH:0
FNDA:0,(anonymous_0)
FNDA:0,(anonymous_1)
FNDA:0,(anonymous_2)
DA:1,3
DA:3,3
DA:5,3
LF:3
LH:3
BRF:0
BRH:0
end_of_record
TN:
SF:app/scripts/useAction.js
FN:5,(anonymous_0)
FN:8,(anonymous_1)
FNF:2
FNH:2
FNDA:16,(anonymous_0)
FNDA:2,(anonymous_1)
DA:5,1
DA:6,16
DA:8,16
LF:3
LH:3
BRF:0
BRH:0
end_of_record
TN:
SF:app/scripts/components/MenuBar/MenuBar.js
FN:9,(anonymous_0)
FN:40,(anonymous_1)
FN:49,(anonymous_2)
FN:52,(anonymous_3)
FNF:4
FNH:4
FNDA:8,(anonymous_0)
FNDA:3,(anonymous_1)
FNDA:1,(anonymous_2)
FNDA:1,(anonymous_3)
DA:9,1
DA:10,8
DA:12,8
DA:40,3
DA:49,1
DA:52,1
LF:6
LH:6
BRDA:46,0,0,3
BRDA:46,0,1,5
BRF:2
BRH:2
end_of_record
TN:
SF:app/scripts/components/MenuBar/hooks.js
FN:6,(anonymous_0)
FN:11,(anonymous_1)
FN:13,(anonymous_2)
FNF:3
FNH:3
FNDA:8,(anonymous_0)
FNDA:4,(anonymous_1)
FNDA:1,(anonymous_2)
DA:6,1
DA:7,8
DA:8,8
DA:9,8
DA:11,8
DA:13,8
DA:14,1
DA:15,1
DA:18,8
LF:9
LH:9
BRF:0
BRH:0
end_of_record
TN:
SF:app/scripts/components/MenuBar/normalizers.js
FN:4,(anonymous_0)
FN:10,(anonymous_1)
FN:11,(anonymous_2)
FNF:3
FNH:3
FNDA:66,(anonymous_0)
FNDA:7,(anonymous_1)
FNDA:11,(anonymous_2)
DA:4,5
DA:5,66
DA:7,66
DA:10,5
DA:11,11
LF:5
LH:5
BRDA:7,0,0,6
BRDA:7,0,1,60
BRDA:10,1,0,2
BRF:3
BRH:3
end_of_record
TN:
SF:app/scripts/components/MenuBar/sagas.js
FN:14,callFetchCatalogue
FN:24,fetchCatalogueWatcher
FNF:2
FNH:2
FNDA:7,callFetchCatalogue
FNDA:5,fetchCatalogueWatcher
DA:15,7
DA:17,5
DA:18,4
DA:19,4
DA:20,3
DA:21,2
DA:25,5
LF:7
LH:7
BRF:0
BRH:0
end_of_record
TN:
SF:app/scripts/components/MenuBar/services.js
FN:5,(anonymous_0)
FN:8,(anonymous_1)
FN:9,(anonymous_2)
FNF:3
FNH:3
FNDA:2,(anonymous_0)
FNDA:1,(anonymous_1)
FNDA:1,(anonymous_2)
DA:5,4
DA:6,2
DA:7,2
DA:8,1
DA:9,1
DA:11,1
DA:13,1
LF:7
LH:7
BRDA:5,0,0,2
BRF:1
BRH:1
end_of_record
TN:
SF:app/store/index.js
FNF:0
FNH:0
LF:0
LH:0
BRF:0
BRH:0
end_of_record
TN:
SF:app/store/rootReducer.js
FNF:0
FNH:0
DA:4,3
LF:1
LH:1
BRF:0
BRH:0
end_of_record
TN:
SF:app/store/store.js
FN:8,(anonymous_0)
FNF:1
FNH:1
FNDA:5,(anonymous_0)
DA:8,3
DA:9,5
DA:10,5
DA:11,5
DA:13,5
DA:15,5
LF:6
LH:6
BRDA:10,0,0,5
BRDA:10,0,1,5
BRF:2
BRH:2
end_of_record
